# JRE version: OpenJDK Runtime Environment Temurin-17.0.4.1+1 (17.0.4.1+1) (build 17.0.4.1+1)
# Java VM: OpenJDK 64-Bit Server VM Temurin-17.0.4.1+1 (17.0.4.1+1, mixed mode, tiered, compressed oops, compressed class ptrs, g1 gc, windows-amd64)
GC Precious Log:
 CPUs: 2 total, 2 available
 Memory: 8092M
 Large Page Support: Disabled
 NUMA Support: Disabled
 Compressed Oops: Enabled (32-bit)
 Heap Region Size: 1M
 Heap Min Capacity: 8M
 Heap Initial Capacity: 128M
 Heap Max Capacity: 2024M
 Pre-touch: Disabled
 Parallel Workers: 2
 Concurrent Workers: 1
 Concurrent Refinement Workers: 2
 Periodic GC: Disabled
Heap:
 garbage-first heap   total 81920K, used 52960K [0x0000000081800000, 0x0000000100000000)
  region size 1024K, 26 young (26624K), 1 survivors (1024K)
 Metaspace       used 87140K, committed 90048K, reserved 1138688K
  class space    used 9647K, committed 10496K, reserved 1048576K
GC Heap History (20 events):
Event: 73278.020 GC heap before
{Heap before GC invocations=900 (full 43):
 garbage-first heap   total 81920K, used 68285K [0x0000000081800000, 0x0000000100000000)
  region size 1024K, 40 young (40960K), 1 survivors (1024K)
 Metaspace       used 87139K, committed 90048K, reserved 1138688K
  class space    used 9646K, committed 10496K, reserved 1048576K
}
Event: 73278.021 GC heap after
{Heap after GC invocations=901 (full 43):
 garbage-first heap   total 81920K, used 28621K [0x0000000081800000, 0x0000000100000000)
  region size 1024K, 1 young (1024K), 1 survivors (1024K)
 Metaspace       used 87139K, committed 90048K, reserved 1138688K
  class space    used 9646K, committed 10496K, reserved 1048576K
}
Event: 73313.360 GC heap before
{Heap before GC invocations=901 (full 43):
 garbage-first heap   total 81920K, used 68557K [0x0000000081800000, 0x0000000100000000)
  region size 1024K, 40 young (40960K), 1 survivors (1024K)
 Metaspace       used 87139K, committed 90048K, reserved 1138688K
  class space    used 9646K, committed 10496K, reserved 1048576K
}
Event: 73313.361 GC heap after
{Heap after GC invocations=902 (full 43):
 garbage-first heap   total 81920K, used 28434K [0x0000000081800000, 0x0000000100000000)
  region size 1024K, 1 young (1024K), 1 survivors (1024K)
 Metaspace       used 87139K, committed 90048K, reserved 1138688K
  class space    used 9646K, committed 10496K, reserved 1048576K
}
Event: 73346.763 GC heap before
{Heap before GC invocations=902 (full 43):
 garbage-first heap   total 81920K, used 69394K [0x0000000081800000, 0x0000000100000000)
  region size 1024K, 41 young (41984K), 1 survivors (1024K)
 Metaspace       used 87139K, committed 90048K, reserved 1138688K
  class space    used 9646K, committed 10496K, reserved 1048576K
}
Event: 73346.764 GC heap after
{Heap after GC invocations=903 (full 43):
 garbage-first heap   total 81920K, used 28436K [0x0000000081800000, 0x0000000100000000)
  region size 1024K, 1 young (1024K), 1 survivors (1024K)
 Metaspace       used 87139K, committed 90048K, reserved 1138688K
  class space    used 9646K, committed 10496K, reserved 1048576K
}
Event: 73379.978 GC heap before
{Heap before GC invocations=903 (full 43):
 garbage-first heap   total 81920K, used 69396K [0x0000000081800000, 0x0000000100000000)
  region size 1024K, 41 young (41984K), 1 survivors (1024K)
 Metaspace       used 87139K, committed 90048K, reserved 1138688K
  class space    used 9646K, committed 10496K, reserved 1048576K
}
Event: 73379.979 GC heap after
{Heap after GC invocations=904 (full 43):
 garbage-first heap   total 81920K, used 28457K [0x0000000081800000, 0x0000000100000000)
  region size 1024K, 1 young (1024K), 1 survivors (1024K)
 Metaspace       used 87139K, committed 90048K, reserved 1138688K
  class space    used 9646K, committed 10496K, reserved 1048576K
}
Event: 73413.350 GC heap before
{Heap before GC invocations=904 (full 43):
 garbage-first heap   total 81920K, used 69417K [0x0000000081800000, 0x0000000100000000)
  region size 1024K, 41 young (41984K), 1 survivors (1024K)
 Metaspace       used 87139K, committed 90048K, reserved 1138688K
  class space    used 9646K, committed 10496K, reserved 1048576K
}
Event: 73413.351 GC heap after
{Heap after GC invocations=905 (full 43):
 garbage-first heap   total 81920K, used 28496K [0x0000000081800000, 0x0000000100000000)
  region size 1024K, 1 young (1024K), 1 survivors (1024K)
 Metaspace       used 87139K, committed 90048K, reserved 1138688K
  class space    used 9646K, committed 10496K, reserved 1048576K
}
Event: 73446.457 GC heap before
{Heap before GC invocations=905 (full 43):
 garbage-first heap   total 81920K, used 69456K [0x0000000081800000, 0x0000000100000000)
  region size 1024K, 41 young (41984K), 1 survivors (1024K)
 Metaspace       used 87139K, committed 90048K, reserved 1138688K
  class space    used 9646K, committed 10496K, reserved 1048576K
}
Event: 73446.458 GC heap after
{Heap after GC invocations=906 (full 43):
 garbage-first heap   total 81920K, used 28535K [0x0000000081800000, 0x0000000100000000)
  region size 1024K, 1 young (1024K), 1 survivors (1024K)
 Metaspace       used 87139K, committed 90048K, reserved 1138688K
  class space    used 9646K, committed 10496K, reserved 1048576K
}
Event: 73480.472 GC heap before
{Heap before GC invocations=906 (full 43):
 garbage-first heap   total 81920K, used 69495K [0x0000000081800000, 0x0000000100000000)
  region size 1024K, 41 young (41984K), 1 survivors (1024K)
 Metaspace       used 87139K, committed 90048K, reserved 1138688K
  class space    used 9646K, committed 10496K, reserved 1048576K
}
Event: 73480.473 GC heap after
{Heap after GC invocations=907 (full 43):
 garbage-first heap   total 81920K, used 28653K [0x0000000081800000, 0x0000000100000000)
  region size 1024K, 1 young (1024K), 1 survivors (1024K)
 Metaspace       used 87139K, committed 90048K, reserved 1138688K
  class space    used 9646K, committed 10496K, reserved 1048576K
}
Event: 73513.410 GC heap before
{Heap before GC invocations=907 (full 43):
 garbage-first heap   total 81920K, used 69613K [0x0000000081800000, 0x0000000100000000)
  region size 1024K, 41 young (41984K), 1 survivors (1024K)
 Metaspace       used 87139K, committed 90048K, reserved 1138688K
  class space    used 9646K, committed 10496K, reserved 1048576K
}
Event: 73513.411 GC heap after
{Heap after GC invocations=908 (full 43):
 garbage-first heap   total 81920K, used 28590K [0x0000000081800000, 0x0000000100000000)
  region size 1024K, 1 young (1024K), 1 survivors (1024K)
 Metaspace       used 87139K, committed 90048K, reserved 1138688K
  class space    used 9646K, committed 10496K, reserved 1048576K
}
Event: 73551.238 GC heap before
{Heap before GC invocations=908 (full 43):
 garbage-first heap   total 81920K, used 69550K [0x0000000081800000, 0x0000000100000000)
  region size 1024K, 41 young (41984K), 1 survivors (1024K)
 Metaspace       used 87139K, committed 90048K, reserved 1138688K
  class space    used 9646K, committed 10496K, reserved 1048576K
}
Event: 73551.239 GC heap after
{Heap after GC invocations=909 (full 43):
 garbage-first heap   total 81920K, used 28614K [0x0000000081800000, 0x0000000100000000)
  region size 1024K, 1 young (1024K), 1 survivors (1024K)
 Metaspace       used 87139K, committed 90048K, reserved 1138688K
  class space    used 9646K, committed 10496K, reserved 1048576K
}
Event: 73598.890 GC heap before
{Heap before GC invocations=909 (full 43):
 garbage-first heap   total 81920K, used 69574K [0x0000000081800000, 0x0000000100000000)
  region size 1024K, 41 young (41984K), 1 survivors (1024K)
 Metaspace       used 87139K, committed 90048K, reserved 1138688K
  class space    used 9646K, committed 10496K, reserved 1048576K
}
Event: 73598.892 GC heap after
{Heap after GC invocations=910 (full 43):
 garbage-first heap   total 81920K, used 28384K [0x0000000081800000, 0x0000000100000000)
  region size 1024K, 1 young (1024K), 1 survivors (1024K)
 Metaspace       used 87139K, committed 90048K, reserved 1138688K
  class space    used 9646K, committed 10496K, reserved 1048576K
}

